This file contains any messages produced by compilers while
running configure, to aid debugging if configure makes a mistake.

It was created by Protocol Buffers configure 3.21.5, which was
generated by GNU Autoconf 2.71.  Invocation command line was

  $ /home/codespace/.cargo/registry/src/index.crates.io-6f17d22bba15001f/protobuf-src-1.1.0+21.5/protobuf/configure --prefix=/workspaces/ServerStatus/target/release/build/protobuf-src-2e253de85119351c/out/install --disable-shared --enable-static --disable-maintainer-mode

## --------- ##
## Platform. ##
## --------- ##

hostname = codespaces-838391
uname -m = x86_64
uname -r = 5.15.0-1041-azure
uname -s = Linux
uname -v = #48-Ubuntu SMP Tue Jun 20 20:34:08 UTC 2023

/usr/bin/uname -p = x86_64
/bin/uname -X     = unknown

/bin/arch              = x86_64
/usr/bin/arch -k       = unknown
/usr/convex/getsysinfo = unknown
/usr/bin/hostinfo      = unknown
/bin/machine           = unknown
/usr/bin/oslevel       = unknown
/bin/universe          = unknown

PATH: /home/codespace/.cargo/bin/
PATH: /usr/local/rvm/gems/ruby-3.2.2/bin/
PATH: /usr/local/rvm/gems/ruby-3.2.2@global/bin/
PATH: /usr/local/rvm/rubies/ruby-3.2.2/bin/
PATH: /vscode/bin/linux-x64/74f6148eb9ea00507ec113ec51c489d6ffb4b771/bin/remote-cli/
PATH: /home/codespace/.local/bin/
PATH: /home/codespace/.dotnet/
PATH: /home/codespace/nvm/current/bin/
PATH: /home/codespace/.php/current/bin/
PATH: /home/codespace/.python/current/bin/
PATH: /home/codespace/java/current/bin/
PATH: /home/codespace/.ruby/current/bin/
PATH: /home/codespace/.local/bin/
PATH: /usr/local/oryx/
PATH: /usr/local/go/bin/
PATH: /go/bin/
PATH: /usr/local/sdkman/bin/
PATH: /usr/local/sdkman/candidates/java/current/bin/
PATH: /usr/local/sdkman/candidates/gradle/current/bin/
PATH: /usr/local/sdkman/candidates/maven/current/bin/
PATH: /usr/local/sdkman/candidates/ant/current/bin/
PATH: /usr/local/rvm/gems/default/bin/
PATH: /usr/local/rvm/gems/default@global/bin/
PATH: /usr/local/rvm/rubies/default/bin/
PATH: /usr/local/share/rbenv/bin/
PATH: /opt/conda/bin/
PATH: /usr/local/php/current/bin/
PATH: /usr/local/python/current/bin/
PATH: /usr/local/py-utils/bin/
PATH: /usr/local/nvs/
PATH: /usr/local/share/nvm/versions/node/v20.3.0/bin/
PATH: /usr/local/hugo/bin/
PATH: /usr/local/dotnet/current/
PATH: /usr/local/sbin/
PATH: /usr/local/bin/
PATH: /usr/sbin/
PATH: /usr/bin/
PATH: /sbin/
PATH: /bin/
PATH: /usr/local/rvm/bin/


## ----------- ##
## Core tests. ##
## ----------- ##

configure:3055: looking for aux files: ltmain.sh ar-lib compile missing install-sh config.guess config.sub
configure:3068:  trying /home/codespace/.cargo/registry/src/index.crates.io-6f17d22bba15001f/protobuf-src-1.1.0+21.5/protobuf/
configure:3097:   /home/codespace/.cargo/registry/src/index.crates.io-6f17d22bba15001f/protobuf-src-1.1.0+21.5/protobuf/ltmain.sh found
configure:3097:   /home/codespace/.cargo/registry/src/index.crates.io-6f17d22bba15001f/protobuf-src-1.1.0+21.5/protobuf/ar-lib found
configure:3097:   /home/codespace/.cargo/registry/src/index.crates.io-6f17d22bba15001f/protobuf-src-1.1.0+21.5/protobuf/compile found
configure:3097:   /home/codespace/.cargo/registry/src/index.crates.io-6f17d22bba15001f/protobuf-src-1.1.0+21.5/protobuf/missing found
configure:3079:   /home/codespace/.cargo/registry/src/index.crates.io-6f17d22bba15001f/protobuf-src-1.1.0+21.5/protobuf/install-sh found
configure:3097:   /home/codespace/.cargo/registry/src/index.crates.io-6f17d22bba15001f/protobuf-src-1.1.0+21.5/protobuf/config.guess found
configure:3097:   /home/codespace/.cargo/registry/src/index.crates.io-6f17d22bba15001f/protobuf-src-1.1.0+21.5/protobuf/config.sub found
configure:3210: checking whether to enable maintainer-specific portions of Makefiles
configure:3220: result: no
configure:3271: checking build system type
configure:3286: result: x86_64-pc-linux-gnu
configure:3306: checking host system type
configure:3320: result: x86_64-pc-linux-gnu
configure:3340: checking target system type
configure:3354: result: x86_64-pc-linux-gnu
configure:3398: checking for a BSD-compatible install
configure:3471: result: /usr/bin/install -c
configure:3482: checking whether build environment is sane
configure:3537: result: yes
configure:3694: checking for a race-free mkdir -p
configure:3738: result: /usr/bin/mkdir -p
configure:3745: checking for gawk
configure:3766: found /usr/bin/gawk
configure:3777: result: gawk
configure:3788: checking whether make sets $(MAKE)
configure:3811: result: yes
configure:3841: checking whether make supports nested variables
configure:3859: result: yes
configure:3944: checking whether UID '1000' is supported by ustar format
configure:3947: result: yes
configure:3954: checking whether GID '1000' is supported by ustar format
configure:3957: result: yes
configure:3965: checking how to create a ustar tar archive
configure:3976: tar --version
tar (GNU tar) 1.30
Copyright (C) 2017 Free Software Foundation, Inc.
License GPLv3+: GNU GPL version 3 or later <https://gnu.org/licenses/gpl.html>.
This is free software: you are free to change and redistribute it.
There is NO WARRANTY, to the extent permitted by law.

Written by John Gilmore and Jay Fenlason.
configure:3979: $? = 0
configure:4019: tardir=conftest.dir && eval tar --format=ustar -chf - "$tardir" >conftest.tar
configure:4022: $? = 0
configure:4026: tar -xf - <conftest.tar
configure:4029: $? = 0
configure:4031: cat conftest.dir/file
GrepMe
configure:4034: $? = 0
configure:4048: result: gnutar
configure:4128: checking whether make supports nested variables
configure:4146: result: yes
configure:4257: checking for gcc
configure:4289: result: cc
configure:4642: checking for C compiler version
configure:4651: cc --version >&5
cc (Ubuntu 9.4.0-1ubuntu1~20.04.1) 9.4.0
Copyright (C) 2019 Free Software Foundation, Inc.
This is free software; see the source for copying conditions.  There is NO
warranty; not even for MERCHANTABILITY or FITNESS FOR A PARTICULAR PURPOSE.

configure:4662: $? = 0
configure:4651: cc -v >&5
Using built-in specs.
COLLECT_GCC=cc
COLLECT_LTO_WRAPPER=/usr/lib/gcc/x86_64-linux-gnu/9/lto-wrapper
OFFLOAD_TARGET_NAMES=nvptx-none:hsa
OFFLOAD_TARGET_DEFAULT=1
Target: x86_64-linux-gnu
Configured with: ../src/configure -v --with-pkgversion='Ubuntu 9.4.0-1ubuntu1~20.04.1' --with-bugurl=file:///usr/share/doc/gcc-9/README.Bugs --enable-languages=c,ada,c++,go,brig,d,fortran,objc,obj-c++,gm2 --prefix=/usr --with-gcc-major-version-only --program-suffix=-9 --program-prefix=x86_64-linux-gnu- --enable-shared --enable-linker-build-id --libexecdir=/usr/lib --without-included-gettext --enable-threads=posix --libdir=/usr/lib --enable-nls --enable-clocale=gnu --enable-libstdcxx-debug --enable-libstdcxx-time=yes --with-default-libstdcxx-abi=new --enable-gnu-unique-object --disable-vtable-verify --enable-plugin --enable-default-pie --with-system-zlib --with-target-system-zlib=auto --enable-objc-gc=auto --enable-multiarch --disable-werror --with-arch-32=i686 --with-abi=m64 --with-multilib-list=m32,m64,mx32 --enable-multilib --with-tune=generic --enable-offload-targets=nvptx-none=/build/gcc-9-Av3uEd/gcc-9-9.4.0/debian/tmp-nvptx/usr,hsa --without-cuda-driver --enable-checking=release --build=x86_64-linux-gnu --host=x86_64-linux-gnu --target=x86_64-linux-gnu
Thread model: posix
gcc version 9.4.0 (Ubuntu 9.4.0-1ubuntu1~20.04.1) 
configure:4662: $? = 0
configure:4651: cc -V >&5
cc: error: unrecognized command line option '-V'
cc: fatal error: no input files
compilation terminated.
configure:4662: $? = 1
configure:4651: cc -qversion >&5
cc: error: unrecognized command line option '-qversion'; did you mean '--version'?
cc: fatal error: no input files
compilation terminated.
configure:4662: $? = 1
configure:4651: cc -version >&5
cc: error: unrecognized command line option '-version'
cc: fatal error: no input files
compilation terminated.
configure:4662: $? = 1
configure:4682: checking whether the C compiler works
configure:4704: cc -O0 -ffunction-sections -fdata-sections -fPIC -m64   conftest.c  >&5
configure:4708: $? = 0
configure:4758: result: yes
configure:4761: checking for C compiler default output file name
configure:4763: result: a.out
configure:4769: checking for suffix of executables
configure:4776: cc -o conftest -O0 -ffunction-sections -fdata-sections -fPIC -m64   conftest.c  >&5
configure:4780: $? = 0
configure:4803: result: 
configure:4825: checking whether we are cross compiling
configure:4833: cc -o conftest -O0 -ffunction-sections -fdata-sections -fPIC -m64   conftest.c  >&5
configure:4837: $? = 0
configure:4844: ./conftest
configure:4848: $? = 0
configure:4836: result: no
configure:4841: checking for suffix of object files
configure:4864: cc -c -O0 -ffunction-sections -fdata-sections -fPIC -m64  conftest.c >&5
configure:4868: $? = 0
configure:4890: result: o
configure:4894: checking whether the compiler supports GNU C
configure:4914: cc -c -O0 -ffunction-sections -fdata-sections -fPIC -m64  conftest.c >&5
configure:4914: $? = 0
configure:4924: result: yes
configure:4935: checking whether cc accepts -g
configure:4956: cc -c -g  conftest.c >&5
configure:4956: $? = 0
configure:5000: result: yes
configure:5020: checking for cc option to enable C11 features
configure:5035: cc  -c -O0 -ffunction-sections -fdata-sections -fPIC -m64  conftest.c >&5
configure:5035: $? = 0
configure:5053: result: none needed
configure:5169: checking whether cc understands -c and -o together
configure:5192: cc -c conftest.c -o conftest2.o
configure:5195: $? = 0
configure:5192: cc -c conftest.c -o conftest2.o
configure:5195: $? = 0
configure:5207: result: yes
configure:5227: checking whether make supports the include directive
configure:5242: make -f confmf.GNU && cat confinc.out
this is the am__doit target
configure:5245: $? = 0
configure:5264: result: yes (GNU style)
configure:5290: checking dependency style of cc
configure:5402: result: gcc3
configure:5545: checking for C++ compiler version
configure:5554: c++ --version >&5
c++ (Ubuntu 9.4.0-1ubuntu1~20.04.1) 9.4.0
Copyright (C) 2019 Free Software Foundation, Inc.
This is free software; see the source for copying conditions.  There is NO
warranty; not even for MERCHANTABILITY or FITNESS FOR A PARTICULAR PURPOSE.

configure:5565: $? = 0
configure:5554: c++ -v >&5
Using built-in specs.
COLLECT_GCC=c++
COLLECT_LTO_WRAPPER=/usr/lib/gcc/x86_64-linux-gnu/9/lto-wrapper
OFFLOAD_TARGET_NAMES=nvptx-none:hsa
OFFLOAD_TARGET_DEFAULT=1
Target: x86_64-linux-gnu
Configured with: ../src/configure -v --with-pkgversion='Ubuntu 9.4.0-1ubuntu1~20.04.1' --with-bugurl=file:///usr/share/doc/gcc-9/README.Bugs --enable-languages=c,ada,c++,go,brig,d,fortran,objc,obj-c++,gm2 --prefix=/usr --with-gcc-major-version-only --program-suffix=-9 --program-prefix=x86_64-linux-gnu- --enable-shared --enable-linker-build-id --libexecdir=/usr/lib --without-included-gettext --enable-threads=posix --libdir=/usr/lib --enable-nls --enable-clocale=gnu --enable-libstdcxx-debug --enable-libstdcxx-time=yes --with-default-libstdcxx-abi=new --enable-gnu-unique-object --disable-vtable-verify --enable-plugin --enable-default-pie --with-system-zlib --with-target-system-zlib=auto --enable-objc-gc=auto --enable-multiarch --disable-werror --with-arch-32=i686 --with-abi=m64 --with-multilib-list=m32,m64,mx32 --enable-multilib --with-tune=generic --enable-offload-targets=nvptx-none=/build/gcc-9-Av3uEd/gcc-9-9.4.0/debian/tmp-nvptx/usr,hsa --without-cuda-driver --enable-checking=release --build=x86_64-linux-gnu --host=x86_64-linux-gnu --target=x86_64-linux-gnu
Thread model: posix
gcc version 9.4.0 (Ubuntu 9.4.0-1ubuntu1~20.04.1) 
configure:5565: $? = 0
configure:5554: c++ -V >&5
c++: error: unrecognized command line option '-V'
c++: fatal error: no input files
compilation terminated.
configure:5565: $? = 1
configure:5554: c++ -qversion >&5
c++: error: unrecognized command line option '-qversion'; did you mean '--version'?
c++: fatal error: no input files
compilation terminated.
configure:5565: $? = 1
configure:5569: checking whether the compiler supports GNU C++
configure:5589: c++ -c -O0 -ffunction-sections -fdata-sections -fPIC -m64  conftest.cpp >&5
configure:5589: $? = 0
configure:5599: result: yes
configure:5610: checking whether c++ accepts -g
configure:5631: c++ -c -g  conftest.cpp >&5
configure:5631: $? = 0
configure:5675: result: yes
configure:5695: checking for c++ option to enable C++11 features
configure:5710: c++  -c -O0 -ffunction-sections -fdata-sections -fPIC -m64  conftest.cpp >&5
configure:5710: $? = 0
configure:5728: result: none needed
configure:5794: checking dependency style of c++
configure:5906: result: gcc3
configure:5926: checking how to run the C preprocessor
configure:5952: cc -E  conftest.c
configure:5952: $? = 0
configure:5967: cc -E  conftest.c
conftest.c:11:10: fatal error: ac_nonexistent.h: No such file or directory
   11 | #include <ac_nonexistent.h>
      |          ^~~~~~~~~~~~~~~~~~
compilation terminated.
configure:5967: $? = 1
configure: failed program was:
| /* confdefs.h */
| #define PACKAGE_NAME "Protocol Buffers"
| #define PACKAGE_TARNAME "protobuf"
| #define PACKAGE_VERSION "3.21.5"
| #define PACKAGE_STRING "Protocol Buffers 3.21.5"
| #define PACKAGE_BUGREPORT "protobuf@googlegroups.com"
| #define PACKAGE_URL ""
| #define PACKAGE "protobuf"
| #define VERSION "3.21.5"
| /* end confdefs.h.  */
| #include <ac_nonexistent.h>
configure:5994: result: cc -E
configure:6008: cc -E  conftest.c
configure:6008: $? = 0
configure:6023: cc -E  conftest.c
conftest.c:11:10: fatal error: ac_nonexistent.h: No such file or directory
   11 | #include <ac_nonexistent.h>
      |          ^~~~~~~~~~~~~~~~~~
compilation terminated.
configure:6023: $? = 1
configure: failed program was:
| /* confdefs.h */
| #define PACKAGE_NAME "Protocol Buffers"
| #define PACKAGE_TARNAME "protobuf"
| #define PACKAGE_VERSION "3.21.5"
| #define PACKAGE_STRING "Protocol Buffers 3.21.5"
| #define PACKAGE_BUGREPORT "protobuf@googlegroups.com"
| #define PACKAGE_URL ""
| #define PACKAGE "protobuf"
| #define VERSION "3.21.5"
| /* end confdefs.h.  */
| #include <ac_nonexistent.h>
configure:6114: checking for gcc
configure:6135: found /usr/bin/gcc
configure:6146: result: gcc
configure:6499: checking for C compiler version
configure:6508: gcc --version >&5
gcc (Ubuntu 9.4.0-1ubuntu1~20.04.1) 9.4.0
Copyright (C) 2019 Free Software Foundation, Inc.
This is free software; see the source for copying conditions.  There is NO
warranty; not even for MERCHANTABILITY or FITNESS FOR A PARTICULAR PURPOSE.

configure:6519: $? = 0
configure:6508: gcc -v >&5
Using built-in specs.
COLLECT_GCC=gcc
COLLECT_LTO_WRAPPER=/usr/lib/gcc/x86_64-linux-gnu/9/lto-wrapper
OFFLOAD_TARGET_NAMES=nvptx-none:hsa
OFFLOAD_TARGET_DEFAULT=1
Target: x86_64-linux-gnu
Configured with: ../src/configure -v --with-pkgversion='Ubuntu 9.4.0-1ubuntu1~20.04.1' --with-bugurl=file:///usr/share/doc/gcc-9/README.Bugs --enable-languages=c,ada,c++,go,brig,d,fortran,objc,obj-c++,gm2 --prefix=/usr --with-gcc-major-version-only --program-suffix=-9 --program-prefix=x86_64-linux-gnu- --enable-shared --enable-linker-build-id --libexecdir=/usr/lib --without-included-gettext --enable-threads=posix --libdir=/usr/lib --enable-nls --enable-clocale=gnu --enable-libstdcxx-debug --enable-libstdcxx-time=yes --with-default-libstdcxx-abi=new --enable-gnu-unique-object --disable-vtable-verify --enable-plugin --enable-default-pie --with-system-zlib --with-target-system-zlib=auto --enable-objc-gc=auto --enable-multiarch --disable-werror --with-arch-32=i686 --with-abi=m64 --with-multilib-list=m32,m64,mx32 --enable-multilib --with-tune=generic --enable-offload-targets=nvptx-none=/build/gcc-9-Av3uEd/gcc-9-9.4.0/debian/tmp-nvptx/usr,hsa --without-cuda-driver --enable-checking=release --build=x86_64-linux-gnu --host=x86_64-linux-gnu --target=x86_64-linux-gnu
Thread model: posix
gcc version 9.4.0 (Ubuntu 9.4.0-1ubuntu1~20.04.1) 
configure:6519: $? = 0
configure:6508: gcc -V >&5
gcc: error: unrecognized command line option '-V'
gcc: fatal error: no input files
compilation terminated.
configure:6519: $? = 1
configure:6508: gcc -qversion >&5
gcc: error: unrecognized command line option '-qversion'; did you mean '--version'?
gcc: fatal error: no input files
compilation terminated.
configure:6519: $? = 1
configure:6508: gcc -version >&5
gcc: error: unrecognized command line option '-version'
gcc: fatal error: no input files
compilation terminated.
configure:6519: $? = 1
configure:6523: checking whether the compiler supports GNU C
configure:6553: result: yes
configure:6564: checking whether gcc accepts -g
configure:6585: cc -c -O0 -ffunction-sections -fdata-sections -fPIC -m64  conftest.c >&5
configure:6585: $? = 0
configure:6629: result: yes
configure:6649: checking for gcc option to enable C11 features
configure:6682: result: none needed
configure:6798: checking whether gcc understands -c and -o together
configure:6836: result: yes
configure:6855: checking dependency style of gcc
configure:6967: result: gcc3
configure:6987: checking how to run the C preprocessor
configure:7013: cc -E  conftest.c
configure:7013: $? = 0
configure:7028: cc -E  conftest.c
conftest.c:11:10: fatal error: ac_nonexistent.h: No such file or directory
   11 | #include <ac_nonexistent.h>
      |          ^~~~~~~~~~~~~~~~~~
compilation terminated.
configure:7028: $? = 1
configure: failed program was:
| /* confdefs.h */
| #define PACKAGE_NAME "Protocol Buffers"
| #define PACKAGE_TARNAME "protobuf"
| #define PACKAGE_VERSION "3.21.5"
| #define PACKAGE_STRING "Protocol Buffers 3.21.5"
| #define PACKAGE_BUGREPORT "protobuf@googlegroups.com"
| #define PACKAGE_URL ""
| #define PACKAGE "protobuf"
| #define VERSION "3.21.5"
| /* end confdefs.h.  */
| #include <ac_nonexistent.h>
configure:7055: result: gcc -E
configure:7069: cc -E  conftest.c
configure:7069: $? = 0
configure:7084: cc -E  conftest.c
conftest.c:11:10: fatal error: ac_nonexistent.h: No such file or directory
   11 | #include <ac_nonexistent.h>
      |          ^~~~~~~~~~~~~~~~~~
compilation terminated.
configure:7084: $? = 1
configure: failed program was:
| /* confdefs.h */
| #define PACKAGE_NAME "Protocol Buffers"
| #define PACKAGE_TARNAME "protobuf"
| #define PACKAGE_VERSION "3.21.5"
| #define PACKAGE_STRING "Protocol Buffers 3.21.5"
| #define PACKAGE_BUGREPORT "protobuf@googlegroups.com"
| #define PACKAGE_URL ""
| #define PACKAGE "protobuf"
| #define VERSION "3.21.5"
| /* end confdefs.h.  */
| #include <ac_nonexistent.h>
configure:7128: checking how to run the C++ preprocessor
configure:7150: c++ -E  conftest.cpp
configure:7150: $? = 0
configure:7165: c++ -E  conftest.cpp
conftest.cpp:11:10: fatal error: ac_nonexistent.h: No such file or directory
   11 | #include <ac_nonexistent.h>
      |          ^~~~~~~~~~~~~~~~~~
compilation terminated.
configure:7165: $? = 1
configure: failed program was:
| /* confdefs.h */
| #define PACKAGE_NAME "Protocol Buffers"
| #define PACKAGE_TARNAME "protobuf"
| #define PACKAGE_VERSION "3.21.5"
| #define PACKAGE_STRING "Protocol Buffers 3.21.5"
| #define PACKAGE_BUGREPORT "protobuf@googlegroups.com"
| #define PACKAGE_URL ""
| #define PACKAGE "protobuf"
| #define VERSION "3.21.5"
| /* end confdefs.h.  */
| #include <ac_nonexistent.h>
configure:7192: result: c++ -E
configure:7206: c++ -E  conftest.cpp
configure:7206: $? = 0
configure:7221: c++ -E  conftest.cpp
conftest.cpp:11:10: fatal error: ac_nonexistent.h: No such file or directory
   11 | #include <ac_nonexistent.h>
      |          ^~~~~~~~~~~~~~~~~~
compilation terminated.
configure:7221: $? = 1
configure: failed program was:
| /* confdefs.h */
| #define PACKAGE_NAME "Protocol Buffers"
| #define PACKAGE_TARNAME "protobuf"
| #define PACKAGE_VERSION "3.21.5"
| #define PACKAGE_STRING "Protocol Buffers 3.21.5"
| #define PACKAGE_BUGREPORT "protobuf@googlegroups.com"
| #define PACKAGE_URL ""
| #define PACKAGE "protobuf"
| #define VERSION "3.21.5"
| /* end confdefs.h.  */
| #include <ac_nonexistent.h>
configure:7321: checking for g++
configure:7342: found /usr/bin/g++
configure:7353: result: g++
configure:7380: checking for C++ compiler version
configure:7389: g++ --version >&5
g++ (Ubuntu 9.4.0-1ubuntu1~20.04.1) 9.4.0
Copyright (C) 2019 Free Software Foundation, Inc.
This is free software; see the source for copying conditions.  There is NO
warranty; not even for MERCHANTABILITY or FITNESS FOR A PARTICULAR PURPOSE.

configure:7400: $? = 0
configure:7389: g++ -v >&5
Using built-in specs.
COLLECT_GCC=g++
COLLECT_LTO_WRAPPER=/usr/lib/gcc/x86_64-linux-gnu/9/lto-wrapper
OFFLOAD_TARGET_NAMES=nvptx-none:hsa
OFFLOAD_TARGET_DEFAULT=1
Target: x86_64-linux-gnu
Configured with: ../src/configure -v --with-pkgversion='Ubuntu 9.4.0-1ubuntu1~20.04.1' --with-bugurl=file:///usr/share/doc/gcc-9/README.Bugs --enable-languages=c,ada,c++,go,brig,d,fortran,objc,obj-c++,gm2 --prefix=/usr --with-gcc-major-version-only --program-suffix=-9 --program-prefix=x86_64-linux-gnu- --enable-shared --enable-linker-build-id --libexecdir=/usr/lib --without-included-gettext --enable-threads=posix --libdir=/usr/lib --enable-nls --enable-clocale=gnu --enable-libstdcxx-debug --enable-libstdcxx-time=yes --with-default-libstdcxx-abi=new --enable-gnu-unique-object --disable-vtable-verify --enable-plugin --enable-default-pie --with-system-zlib --with-target-system-zlib=auto --enable-objc-gc=auto --enable-multiarch --disable-werror --with-arch-32=i686 --with-abi=m64 --with-multilib-list=m32,m64,mx32 --enable-multilib --with-tune=generic --enable-offload-targets=nvptx-none=/build/gcc-9-Av3uEd/gcc-9-9.4.0/debian/tmp-nvptx/usr,hsa --without-cuda-driver --enable-checking=release --build=x86_64-linux-gnu --host=x86_64-linux-gnu --target=x86_64-linux-gnu
Thread model: posix
gcc version 9.4.0 (Ubuntu 9.4.0-1ubuntu1~20.04.1) 
configure:7400: $? = 0
configure:7389: g++ -V >&5
g++: error: unrecognized command line option '-V'
g++: fatal error: no input files
compilation terminated.
configure:7400: $? = 1
configure:7389: g++ -qversion >&5
g++: error: unrecognized command line option '-qversion'; did you mean '--version'?
g++: fatal error: no input files
compilation terminated.
configure:7400: $? = 1
configure:7404: checking whether the compiler supports GNU C++
configure:7434: result: yes
configure:7445: checking whether g++ accepts -g
configure:7466: cc -c -O0 -ffunction-sections -fdata-sections -fPIC -m64  conftest.cpp >&5
configure:7466: $? = 0
configure:7510: result: yes
configure:7530: checking for g++ option to enable C++11 features
configure:7563: result: none needed
configure:7629: checking dependency style of g++
configure:7741: result: gcc3
configure:7761: checking how to run the C++ preprocessor
configure:7783: g++ -E  conftest.cpp
configure:7783: $? = 0
configure:7798: g++ -E  conftest.cpp
conftest.cpp:11:10: fatal error: ac_nonexistent.h: No such file or directory
   11 | #include <ac_nonexistent.h>
      |          ^~~~~~~~~~~~~~~~~~
compilation terminated.
configure:7798: $? = 1
configure: failed program was:
| /* confdefs.h */
| #define PACKAGE_NAME "Protocol Buffers"
| #define PACKAGE_TARNAME "protobuf"
| #define PACKAGE_VERSION "3.21.5"
| #define PACKAGE_STRING "Protocol Buffers 3.21.5"
| #define PACKAGE_BUGREPORT "protobuf@googlegroups.com"
| #define PACKAGE_URL ""
| #define PACKAGE "protobuf"
| #define VERSION "3.21.5"
| /* end confdefs.h.  */
| #include <ac_nonexistent.h>
configure:7825: result: g++ -E
configure:7839: g++ -E  conftest.cpp
configure:7839: $? = 0
configure:7854: g++ -E  conftest.cpp
conftest.cpp:11:10: fatal error: ac_nonexistent.h: No such file or directory
   11 | #include <ac_nonexistent.h>
      |          ^~~~~~~~~~~~~~~~~~
compilation terminated.
configure:7854: $? = 1
configure: failed program was:
| /* confdefs.h */
| #define PACKAGE_NAME "Protocol Buffers"
| #define PACKAGE_TARNAME "protobuf"
| #define PACKAGE_VERSION "3.21.5"
| #define PACKAGE_STRING "Protocol Buffers 3.21.5"
| #define PACKAGE_BUGREPORT "protobuf@googlegroups.com"
| #define PACKAGE_URL ""
| #define PACKAGE "protobuf"
| #define VERSION "3.21.5"
| /* end confdefs.h.  */
| #include <ac_nonexistent.h>
configure:7901: checking for stdio.h
configure:7901: c++ -c -O0 -ffunction-sections -fdata-sections -fPIC -m64  conftest.cpp >&5
configure:7901: $? = 0
configure:7901: result: yes
configure:7901: checking for stdlib.h
configure:7901: c++ -c -O0 -ffunction-sections -fdata-sections -fPIC -m64  conftest.cpp >&5
configure:7901: $? = 0
configure:7901: result: yes
configure:7901: checking for string.h
configure:7901: c++ -c -O0 -ffunction-sections -fdata-sections -fPIC -m64  conftest.cpp >&5
configure:7901: $? = 0
configure:7901: result: yes
configure:7901: checking for inttypes.h
configure:7901: c++ -c -O0 -ffunction-sections -fdata-sections -fPIC -m64  conftest.cpp >&5
configure:7901: $? = 0
configure:7901: result: yes
configure:7901: checking for stdint.h
configure:7901: c++ -c -O0 -ffunction-sections -fdata-sections -fPIC -m64  conftest.cpp >&5
configure:7901: $? = 0
configure:7901: result: yes
configure:7901: checking for strings.h
configure:7901: c++ -c -O0 -ffunction-sections -fdata-sections -fPIC -m64  conftest.cpp >&5
configure:7901: $? = 0
configure:7901: result: yes
configure:7901: checking for sys/stat.h
configure:7901: c++ -c -O0 -ffunction-sections -fdata-sections -fPIC -m64  conftest.cpp >&5
configure:7901: $? = 0
configure:7901: result: yes
configure:7901: checking for sys/types.h
configure:7901: c++ -c -O0 -ffunction-sections -fdata-sections -fPIC -m64  conftest.cpp >&5
configure:7901: $? = 0
configure:7901: result: yes
configure:7901: checking for unistd.h
configure:7901: c++ -c -O0 -ffunction-sections -fdata-sections -fPIC -m64  conftest.cpp >&5
configure:7901: $? = 0
configure:7901: result: yes
configure:7901: checking for wchar.h
configure:7901: c++ -c -O0 -ffunction-sections -fdata-sections -fPIC -m64  conftest.cpp >&5
configure:7901: $? = 0
configure:7901: result: yes
configure:7901: checking for minix/config.h
configure:7901: c++ -c -O0 -ffunction-sections -fdata-sections -fPIC -m64  conftest.cpp >&5
conftest.cpp:49:10: fatal error: minix/config.h: No such file or directory
   49 | #include <minix/config.h>
      |          ^~~~~~~~~~~~~~~~
compilation terminated.
configure:7901: $? = 1
configure: failed program was:
| /* confdefs.h */
| #define PACKAGE_NAME "Protocol Buffers"
| #define PACKAGE_TARNAME "protobuf"
| #define PACKAGE_VERSION "3.21.5"
| #define PACKAGE_STRING "Protocol Buffers 3.21.5"
| #define PACKAGE_BUGREPORT "protobuf@googlegroups.com"
| #define PACKAGE_URL ""
| #define PACKAGE "protobuf"
| #define VERSION "3.21.5"
| #define HAVE_STDIO_H 1
| #define HAVE_STDLIB_H 1
| #define HAVE_STRING_H 1
| #define HAVE_INTTYPES_H 1
| #define HAVE_STDINT_H 1
| #define HAVE_STRINGS_H 1
| #define HAVE_SYS_STAT_H 1
| #define HAVE_SYS_TYPES_H 1
| #define HAVE_UNISTD_H 1
| #define HAVE_WCHAR_H 1
| /* end confdefs.h.  */
| #include <stddef.h>
| #ifdef HAVE_STDIO_H
| # include <stdio.h>
| #endif
| #ifdef HAVE_STDLIB_H
| # include <stdlib.h>
| #endif
| #ifdef HAVE_STRING_H
| # include <string.h>
| #endif
| #ifdef HAVE_INTTYPES_H
| # include <inttypes.h>
| #endif
| #ifdef HAVE_STDINT_H
| # include <stdint.h>
| #endif
| #ifdef HAVE_STRINGS_H
| # include <strings.h>
| #endif
| #ifdef HAVE_SYS_TYPES_H
| # include <sys/types.h>
| #endif
| #ifdef HAVE_SYS_STAT_H
| # include <sys/stat.h>
| #endif
| #ifdef HAVE_UNISTD_H
| # include <unistd.h>
| #endif
| #include <minix/config.h>
configure:7901: result: no
configure:7932: checking whether it is safe to define __EXTENSIONS__
configure:7951: c++ -c -O0 -ffunction-sections -fdata-sections -fPIC -m64  conftest.cpp >&5
configure:7951: $? = 0
configure:7959: result: yes
configure:7962: checking whether _XOPEN_SOURCE should be defined
configure:7984: c++ -c -O0 -ffunction-sections -fdata-sections -fPIC -m64  conftest.cpp >&5
configure:7984: $? = 0
configure:8011: result: no
configure:8128: checking for ar
configure:8149: found /usr/bin/ar
configure:8160: result: ar
configure:8186: checking the archiver (ar) interface
configure:8203: cc -c -O0 -ffunction-sections -fdata-sections -fPIC -m64  conftest.c >&5
configure:8203: $? = 0
configure:8206: ar cru libconftest.a conftest.o >&5
ar: `u' modifier ignored since `D' is the default (see `U')
configure:8209: $? = 0
configure:8208: result: ar
configure:8646: checking C++ compiler flags...
configure:8669: result: use user-supplied: -O0 -ffunction-sections -fdata-sections -fPIC -m64
configure:8676: checking for c++ options needed to detect all undeclared functions
configure:8698: c++ -c -O0 -ffunction-sections -fdata-sections -fPIC -m64  conftest.cpp >&5
conftest.cpp: In function 'int main()':
conftest.cpp:42:8: error: 'strchr' was not declared in this scope
   42 | (void) strchr;
      |        ^~~~~~
conftest.cpp:1:1: note: 'strchr' is defined in header '<cstring>'; did you forget to '#include <cstring>'?
    1 | /* confdefs.h */
configure:8698: $? = 1
configure: failed program was:
| /* confdefs.h */
| #define PACKAGE_NAME "Protocol Buffers"
| #define PACKAGE_TARNAME "protobuf"
| #define PACKAGE_VERSION "3.21.5"
| #define PACKAGE_STRING "Protocol Buffers 3.21.5"
| #define PACKAGE_BUGREPORT "protobuf@googlegroups.com"
| #define PACKAGE_URL ""
| #define PACKAGE "protobuf"
| #define VERSION "3.21.5"
| #define HAVE_STDIO_H 1
| #define HAVE_STDLIB_H 1
| #define HAVE_STRING_H 1
| #define HAVE_INTTYPES_H 1
| #define HAVE_STDINT_H 1
| #define HAVE_STRINGS_H 1
| #define HAVE_SYS_STAT_H 1
| #define HAVE_SYS_TYPES_H 1
| #define HAVE_UNISTD_H 1
| #define HAVE_WCHAR_H 1
| #define STDC_HEADERS 1
| #define _ALL_SOURCE 1
| #define _DARWIN_C_SOURCE 1
| #define _GNU_SOURCE 1
| #define _HPUX_ALT_XOPEN_SOCKET_API 1
| #define _NETBSD_SOURCE 1
| #define _OPENBSD_SOURCE 1
| #define _POSIX_PTHREAD_SEMANTICS 1
| #define __STDC_WANT_IEC_60559_ATTRIBS_EXT__ 1
| #define __STDC_WANT_IEC_60559_BFP_EXT__ 1
| #define __STDC_WANT_IEC_60559_DFP_EXT__ 1
| #define __STDC_WANT_IEC_60559_FUNCS_EXT__ 1
| #define __STDC_WANT_IEC_60559_TYPES_EXT__ 1
| #define __STDC_WANT_LIB_EXT2__ 1
| #define __STDC_WANT_MATH_SPEC_FUNCS__ 1
| #define _TANDEM_SOURCE 1
| #define __EXTENSIONS__ 1
| /* end confdefs.h.  */
| 
| int
| main (void)
| {
| (void) strchr;
|   ;
|   return 0;
| }
configure:8725: c++ -c -O0 -ffunction-sections -fdata-sections -fPIC -m64  conftest.cpp >&5
configure:8725: $? = 0
configure:8742: result: none needed
configure:8764: checking whether __SUNPRO_CC is declared
configure:8764: c++ -c -O0 -ffunction-sections -fdata-sections -fPIC -m64   conftest.cpp >&5
conftest.cpp: In function 'int main()':
conftest.cpp:71:10: error: '__SUNPRO_CC' was not declared in this scope
   71 |   (void) __SUNPRO_CC;
      |          ^~~~~~~~~~~
configure:8764: $? = 1
configure: failed program was:
| /* confdefs.h */
| #define PACKAGE_NAME "Protocol Buffers"
| #define PACKAGE_TARNAME "protobuf"
| #define PACKAGE_VERSION "3.21.5"
| #define PACKAGE_STRING "Protocol Buffers 3.21.5"
| #define PACKAGE_BUGREPORT "protobuf@googlegroups.com"
| #define PACKAGE_URL ""
| #define PACKAGE "protobuf"
| #define VERSION "3.21.5"
| #define HAVE_STDIO_H 1
| #define HAVE_STDLIB_H 1
| #define HAVE_STRING_H 1
| #define HAVE_INTTYPES_H 1
| #define HAVE_STDINT_H 1
| #define HAVE_STRINGS_H 1
| #define HAVE_SYS_STAT_H 1
| #define HAVE_SYS_TYPES_H 1
| #define HAVE_UNISTD_H 1
| #define HAVE_WCHAR_H 1
| #define STDC_HEADERS 1
| #define _ALL_SOURCE 1
| #define _DARWIN_C_SOURCE 1
| #define _GNU_SOURCE 1
| #define _HPUX_ALT_XOPEN_SOCKET_API 1
| #define _NETBSD_SOURCE 1
| #define _OPENBSD_SOURCE 1
| #define _POSIX_PTHREAD_SEMANTICS 1
| #define __STDC_WANT_IEC_60559_ATTRIBS_EXT__ 1
| #define __STDC_WANT_IEC_60559_BFP_EXT__ 1
| #define __STDC_WANT_IEC_60559_DFP_EXT__ 1
| #define __STDC_WANT_IEC_60559_FUNCS_EXT__ 1
| #define __STDC_WANT_IEC_60559_TYPES_EXT__ 1
| #define __STDC_WANT_LIB_EXT2__ 1
| #define __STDC_WANT_MATH_SPEC_FUNCS__ 1
| #define _TANDEM_SOURCE 1
| #define __EXTENSIONS__ 1
| /* end confdefs.h.  */
| #include <stddef.h>
| #ifdef HAVE_STDIO_H
| # include <stdio.h>
| #endif
| #ifdef HAVE_STDLIB_H
| # include <stdlib.h>
| #endif
| #ifdef HAVE_STRING_H
| # include <string.h>
| #endif
| #ifdef HAVE_INTTYPES_H
| # include <inttypes.h>
| #endif
| #ifdef HAVE_STDINT_H
| # include <stdint.h>
| #endif
| #ifdef HAVE_STRINGS_H
| # include <strings.h>
| #endif
| #ifdef HAVE_SYS_TYPES_H
| # include <sys/types.h>
| #endif
| #ifdef HAVE_SYS_STAT_H
| # include <sys/stat.h>
| #endif
| #ifdef HAVE_UNISTD_H
| # include <unistd.h>
| #endif
| int
| main (void)
| {
| #ifndef __SUNPRO_CC
| #ifdef __cplusplus
|   (void) __SUNPRO_CC;
| #else
|   (void) __SUNPRO_CC;
| #endif
| #endif
| 
|   ;
|   return 0;
| }
configure:8764: result: no
configure:8947: checking how to print strings
configure:8974: result: printf
configure:8995: checking for a sed that does not truncate output
configure:9065: result: /usr/bin/sed
configure:9083: checking for grep that handles long lines and -e
configure:9147: result: /usr/bin/grep
configure:9152: checking for egrep
configure:9220: result: /usr/bin/grep -E
configure:9225: checking for fgrep
configure:9293: result: /usr/bin/grep -F
configure:9329: checking for ld used by cc
configure:9397: result: /usr/bin/ld
configure:9404: checking if the linker (/usr/bin/ld) is GNU ld
configure:9420: result: yes
configure:9432: checking for BSD- or MS-compatible name lister (nm)
configure:9487: result: /usr/bin/nm -B
configure:9627: checking the name lister (/usr/bin/nm -B) interface
configure:9635: c++ -c -O0 -ffunction-sections -fdata-sections -fPIC -m64  conftest.cpp >&5
configure:9638: /usr/bin/nm -B "conftest.o"
configure:9641: output
0000000000000000 B some_variable
configure:9642: result: BSD nm
configure:9645: checking whether ln -s works
configure:9649: result: yes
configure:9657: checking the maximum length of command line arguments
configure:9789: result: 1572864
configure:9837: checking how to convert x86_64-pc-linux-gnu file names to x86_64-pc-linux-gnu format
configure:9878: result: func_convert_file_noop
configure:9885: checking how to convert x86_64-pc-linux-gnu file names to toolchain format
configure:9906: result: func_convert_file_noop
configure:9913: checking for /usr/bin/ld option to reload object files
configure:9921: result: -r
configure:10000: checking for file
configure:10021: found /usr/bin/file
configure:10032: result: file
configure:10108: checking for objdump
configure:10129: found /usr/bin/objdump
configure:10140: result: objdump
configure:10172: checking how to recognize dependent libraries
configure:10373: result: pass_all
configure:10463: checking for dlltool
configure:10498: result: no
configure:10528: checking how to associate runtime and link libraries
configure:10556: result: printf %s\n
configure:10706: checking for archiver @FILE support
configure:10724: c++ -c -O0 -ffunction-sections -fdata-sections -fPIC -m64  conftest.cpp >&5
configure:10724: $? = 0
configure:10728: ar cr libconftest.a @conftest.lst >&5
configure:10731: $? = 0
configure:10736: ar cr libconftest.a @conftest.lst >&5
ar: conftest.o: No such file or directory
configure:10739: $? = 1
configure:10738: result: @
configure:10801: checking for strip
configure:10822: found /usr/bin/strip
configure:10833: result: strip
configure:10910: checking for ranlib
configure:10931: found /usr/bin/ranlib
configure:10942: result: ranlib
configure:11044: checking command to parse /usr/bin/nm -B output from cc object
configure:11198: c++ -c -O0 -ffunction-sections -fdata-sections -fPIC -m64  conftest.cpp >&5
configure:11201: $? = 0
configure:11205: /usr/bin/nm -B conftest.o \| /usr/bin/sed -n -e 's/^.*[ ]\([ABCDGIRSTW][ABCDGIRSTW]*\)[ ][ ]*\([_A-Za-z][_A-Za-z0-9]*\)$/\1 \2 \2/p' | /usr/bin/sed '/ __gnu_lto/d' \> conftest.nm
configure:11208: $? = 0
configure:11274: c++ -o conftest -O0 -ffunction-sections -fdata-sections -fPIC -m64   conftest.cpp conftstm.o >&5
configure:11277: $? = 0
configure:11315: result: ok
configure:11362: checking for sysroot
configure:11393: result: no
configure:11400: checking for a working dd
configure:11444: result: /usr/bin/dd
configure:11448: checking how to truncate binary pipes
configure:11464: result: /usr/bin/dd bs=4096 count=1
configure:11601: c++ -c -O0 -ffunction-sections -fdata-sections -fPIC -m64  conftest.cpp >&5
configure:11604: $? = 0
configure:11801: checking for mt
configure:11836: result: no
configure:11856: checking if : is a manifest tool
configure:11863: : '-?'
configure:11871: result: no
configure:12592: checking for dlfcn.h
configure:12592: c++ -c -O0 -ffunction-sections -fdata-sections -fPIC -m64  conftest.cpp >&5
configure:12592: $? = 0
configure:12592: result: yes
configure:12861: checking for objdir
configure:12877: result: .libs
configure:13141: checking if cc supports -fno-rtti -fno-exceptions
configure:13160: cc -c -O0 -ffunction-sections -fdata-sections -fPIC -m64  -fno-rtti -fno-exceptions conftest.c >&5
cc1: warning: command line option '-fno-rtti' is valid for C++/D/ObjC++ but not for C
configure:13164: $? = 0
configure:13177: result: no
configure:13535: checking for cc option to produce PIC
configure:13543: result: -fPIC -DPIC
configure:13551: checking if cc PIC flag -fPIC -DPIC works
configure:13570: cc -c -O0 -ffunction-sections -fdata-sections -fPIC -m64  -fPIC -DPIC -DPIC conftest.c >&5
configure:13574: $? = 0
configure:13587: result: yes
configure:13616: checking if cc static flag -static works
configure:13645: result: yes
configure:13660: checking if cc supports -c -o file.o
configure:13682: cc -c -O0 -ffunction-sections -fdata-sections -fPIC -m64  -o out/conftest2.o conftest.c >&5
configure:13686: $? = 0
configure:13708: result: yes
configure:13716: checking if cc supports -c -o file.o
configure:13764: result: yes
configure:13797: checking whether the cc linker (/usr/bin/ld -m elf_x86_64) supports shared libraries
configure:15065: result: yes
configure:15306: checking dynamic linker characteristics
configure:15888: cc -o conftest -O0 -ffunction-sections -fdata-sections -fPIC -m64   -Wl,-rpath -Wl,/foo conftest.c  >&5
configure:15888: $? = 0
configure:16127: result: GNU/Linux ld.so
configure:16249: checking how to hardcode library paths into programs
configure:16274: result: immediate
configure:16826: checking whether stripping libraries is possible
configure:16835: result: yes
configure:16877: checking if libtool supports shared libraries
configure:16879: result: yes
configure:16882: checking whether to build shared libraries
configure:16907: result: no
configure:16910: checking whether to build static libraries
configure:16914: result: yes
configure:13700: checking how to run the C++ preprocessor
configure:13764: result: c++ -E
configure:13778: c++ -E  conftest.cpp
configure:13778: $? = 0
configure:13793: c++ -E  conftest.cpp
conftest.cpp:40:10: fatal error: ac_nonexistent.h: No such file or directory
   40 | #include <ac_nonexistent.h>
      |          ^~~~~~~~~~~~~~~~~~
compilation terminated.
configure:13793: $? = 1
configure: failed program was:
| /* confdefs.h */
| #define PACKAGE_NAME "Protocol Buffers"
| #define PACKAGE_TARNAME "protobuf"
| #define PACKAGE_VERSION "3.21.5"
| #define PACKAGE_STRING "Protocol Buffers 3.21.5"
| #define PACKAGE_BUGREPORT "protobuf@googlegroups.com"
| #define PACKAGE_URL ""
| #define PACKAGE "protobuf"
| #define VERSION "3.21.5"
| #define HAVE_STDIO_H 1
| #define HAVE_STDLIB_H 1
| #define HAVE_STRING_H 1
| #define HAVE_INTTYPES_H 1
| #define HAVE_STDINT_H 1
| #define HAVE_STRINGS_H 1
| #define HAVE_SYS_STAT_H 1
| #define HAVE_SYS_TYPES_H 1
| #define HAVE_UNISTD_H 1
| #define HAVE_WCHAR_H 1
| #define STDC_HEADERS 1
| #define _ALL_SOURCE 1
| #define _DARWIN_C_SOURCE 1
| #define _GNU_SOURCE 1
| #define _HPUX_ALT_XOPEN_SOCKET_API 1
| #define _NETBSD_SOURCE 1
| #define _OPENBSD_SOURCE 1
| #define _POSIX_PTHREAD_SEMANTICS 1
| #define __STDC_WANT_IEC_60559_ATTRIBS_EXT__ 1
| #define __STDC_WANT_IEC_60559_BFP_EXT__ 1
| #define __STDC_WANT_IEC_60559_DFP_EXT__ 1
| #define __STDC_WANT_IEC_60559_FUNCS_EXT__ 1
| #define __STDC_WANT_IEC_60559_TYPES_EXT__ 1
| #define __STDC_WANT_LIB_EXT2__ 1
| #define __STDC_WANT_MATH_SPEC_FUNCS__ 1
| #define _TANDEM_SOURCE 1
| #define __EXTENSIONS__ 1
| #define HAVE_DLFCN_H 1
| #define LT_OBJDIR ".libs/"
| /* end confdefs.h.  */
| #include <ac_nonexistent.h>
configure:13958: checking for ld used by c++
configure:14026: result: /usr/bin/ld -m elf_x86_64
configure:14033: checking if the linker (/usr/bin/ld -m elf_x86_64) is GNU ld
configure:14049: result: yes
configure:14104: checking whether the c++ linker (/usr/bin/ld -m elf_x86_64) supports shared libraries
configure:15182: result: yes
configure:15218: c++ -c -O0 -ffunction-sections -fdata-sections -fPIC -m64  conftest.cpp >&5
configure:15221: $? = 0
configure:15702: checking for c++ option to produce PIC
configure:15710: result: -fPIC -DPIC
configure:15718: checking if c++ PIC flag -fPIC -DPIC works
configure:15737: c++ -c -O0 -ffunction-sections -fdata-sections -fPIC -m64  -fPIC -DPIC -DPIC conftest.cpp >&5
configure:15741: $? = 0
configure:15754: result: yes
configure:15777: checking if c++ static flag -static works
configure:15806: result: yes
configure:15818: checking if c++ supports -c -o file.o
configure:15840: c++ -c -O0 -ffunction-sections -fdata-sections -fPIC -m64  -o out/conftest2.o conftest.cpp >&5
configure:15844: $? = 0
configure:15866: result: yes
configure:15871: checking if c++ supports -c -o file.o
configure:15919: result: yes
configure:15949: checking whether the c++ linker (/usr/bin/ld -m elf_x86_64) supports shared libraries
configure:15989: result: yes
configure:16131: checking dynamic linker characteristics
configure:16879: result: GNU/Linux ld.so
configure:16944: checking how to hardcode library paths into programs
configure:16969: result: immediate
configure:15873: checking whether the linker supports version scripts
configure:15889: c++ -o conftest -O0 -ffunction-sections -fdata-sections -fPIC -m64   -Wl,--version-script=conftest.map conftest.cpp  >&5
configure:15889: $? = 0
configure:15891: result: yes
configure:15913: checking for egrep
configure:15981: result: /usr/bin/grep -E
configure:15987: checking for fcntl.h
configure:15987: c++ -c -O0 -ffunction-sections -fdata-sections -fPIC -m64  conftest.cpp >&5
configure:15987: $? = 0
configure:15987: result: yes
configure:15993: checking for inttypes.h
configure:15993: result: yes
configure:15999: checking for limits.h
configure:15999: c++ -c -O0 -ffunction-sections -fdata-sections -fPIC -m64  conftest.cpp >&5
configure:15999: $? = 0
configure:15999: result: yes
configure:16005: checking for stdlib.h
configure:16005: result: yes
configure:16011: checking for unistd.h
configure:16011: result: yes
configure:16020: checking for working memcmp
configure:16065: c++ -o conftest -O0 -ffunction-sections -fdata-sections -fPIC -m64   conftest.cpp  >&5
configure:16065: $? = 0
configure:16065: ./conftest
configure:16065: $? = 0
configure:16076: result: yes
configure:16085: checking for working strtod
configure:16128: c++ -o conftest -O0 -ffunction-sections -fdata-sections -fPIC -m64   conftest.cpp  >&5
conftest.cpp: In function 'int main()':
conftest.cpp:82:20: warning: ISO C++ forbids converting a string constant to 'char*' [-Wwrite-strings]
   82 |     char *string = " +69";
      |                    ^~~~~~
conftest.cpp:93:20: warning: ISO C++ forbids converting a string constant to 'char*' [-Wwrite-strings]
   93 |     char *string = "NaN";
      |                    ^~~~~
configure:16128: $? = 0
configure:16128: ./conftest
configure:16128: $? = 0
configure:16139: result: yes
configure:16201: checking for ftruncate
configure:16201: c++ -o conftest -O0 -ffunction-sections -fdata-sections -fPIC -m64   conftest.cpp  >&5
configure:16201: $? = 0
configure:16201: result: yes
configure:16207: checking for memset
configure:16207: c++ -o conftest -O0 -ffunction-sections -fdata-sections -fPIC -m64   conftest.cpp  >&5
conftest.cpp:62:6: warning: declaration of 'char memset()' conflicts with built-in declaration 'void* memset(void*, int, long unsigned int)' [-Wbuiltin-declaration-mismatch]
   62 | char memset ();
      |      ^~~~~~
configure:16207: $? = 0
configure:16207: result: yes
configure:16213: checking for mkdir
configure:16213: c++ -o conftest -O0 -ffunction-sections -fdata-sections -fPIC -m64   conftest.cpp  >&5
configure:16213: $? = 0
configure:16213: result: yes
configure:16219: checking for strchr
configure:16219: c++ -o conftest -O0 -ffunction-sections -fdata-sections -fPIC -m64   conftest.cpp  >&5
conftest.cpp:64:6: warning: declaration of 'char strchr()' conflicts with built-in declaration 'char* strchr(const char*, int)' [-Wbuiltin-declaration-mismatch]
   64 | char strchr ();
      |      ^~~~~~
configure:16219: $? = 0
configure:16219: result: yes
configure:16225: checking for strerror
configure:16225: c++ -o conftest -O0 -ffunction-sections -fdata-sections -fPIC -m64   conftest.cpp  >&5
configure:16225: $? = 0
configure:16225: result: yes
configure:16231: checking for strtol
configure:16231: c++ -o conftest -O0 -ffunction-sections -fdata-sections -fPIC -m64   conftest.cpp  >&5
configure:16231: $? = 0
configure:16231: result: yes
configure:16244: checking zlib version
configure:16264: c++ -c -O0 -ffunction-sections -fdata-sections -fPIC -m64  conftest.cpp >&5
configure:16264: $? = 0
configure:16267: result: ok (1.2.0.4 or later)
configure:16271: checking for library containing zlibVersion
configure:16300: c++ -o conftest -O0 -ffunction-sections -fdata-sections -fPIC -m64   conftest.cpp  >&5
/usr/bin/ld: /tmp/ccSNA3Oc.o: in function `main':
conftest.cpp:(.text.main+0x9): undefined reference to `zlibVersion'
collect2: error: ld returned 1 exit status
configure:16300: $? = 1
configure: failed program was:
| /* confdefs.h */
| #define PACKAGE_NAME "Protocol Buffers"
| #define PACKAGE_TARNAME "protobuf"
| #define PACKAGE_VERSION "3.21.5"
| #define PACKAGE_STRING "Protocol Buffers 3.21.5"
| #define PACKAGE_BUGREPORT "protobuf@googlegroups.com"
| #define PACKAGE_URL ""
| #define PACKAGE "protobuf"
| #define VERSION "3.21.5"
| #define HAVE_STDIO_H 1
| #define HAVE_STDLIB_H 1
| #define HAVE_STRING_H 1
| #define HAVE_INTTYPES_H 1
| #define HAVE_STDINT_H 1
| #define HAVE_STRINGS_H 1
| #define HAVE_SYS_STAT_H 1
| #define HAVE_SYS_TYPES_H 1
| #define HAVE_UNISTD_H 1
| #define HAVE_WCHAR_H 1
| #define STDC_HEADERS 1
| #define _ALL_SOURCE 1
| #define _DARWIN_C_SOURCE 1
| #define _GNU_SOURCE 1
| #define _HPUX_ALT_XOPEN_SOCKET_API 1
| #define _NETBSD_SOURCE 1
| #define _OPENBSD_SOURCE 1
| #define _POSIX_PTHREAD_SEMANTICS 1
| #define __STDC_WANT_IEC_60559_ATTRIBS_EXT__ 1
| #define __STDC_WANT_IEC_60559_BFP_EXT__ 1
| #define __STDC_WANT_IEC_60559_DFP_EXT__ 1
| #define __STDC_WANT_IEC_60559_FUNCS_EXT__ 1
| #define __STDC_WANT_IEC_60559_TYPES_EXT__ 1
| #define __STDC_WANT_LIB_EXT2__ 1
| #define __STDC_WANT_MATH_SPEC_FUNCS__ 1
| #define _TANDEM_SOURCE 1
| #define __EXTENSIONS__ 1
| #define HAVE_DLFCN_H 1
| #define LT_OBJDIR ".libs/"
| #define HAVE_FCNTL_H 1
| #define HAVE_INTTYPES_H 1
| #define HAVE_LIMITS_H 1
| #define HAVE_STDLIB_H 1
| #define HAVE_UNISTD_H 1
| #define HAVE_FTRUNCATE 1
| #define HAVE_MEMSET 1
| #define HAVE_MKDIR 1
| #define HAVE_STRCHR 1
| #define HAVE_STRERROR 1
| #define HAVE_STRTOL 1
| /* end confdefs.h.  */
| 
| namespace conftest {
|   extern "C" int zlibVersion ();
| }
| int
| main (void)
| {
| return conftest::zlibVersion ();
|   ;
|   return 0;
| }
configure:16300: c++ -o conftest -O0 -ffunction-sections -fdata-sections -fPIC -m64   conftest.cpp -lz   >&5
configure:16300: $? = 0
configure:16320: result: -lz
configure:16386: checking whether c++ supports C++11 features by default
configure:16700: c++ -c -O0 -ffunction-sections -fdata-sections -fPIC -m64  conftest.cpp >&5
configure:16700: $? = 0
configure:16708: result: yes
configure:17087: checking whether -latomic is needed
configure:17100: c++ -o conftest -O0 -ffunction-sections -fdata-sections -fPIC -m64   conftest.cpp -lz  >&5
configure:17100: $? = 0
configure:17108: result: no
configure:17307: checking whether cc is Clang
configure:17334: result: no
configure:17399: checking whether pthreads work with "-pthread" and "-lpthread"
configure:17510: cc -o conftest -O0 -ffunction-sections -fdata-sections -fPIC -m64 -pthread   conftest.c -lpthread -lz  >&5
configure:17510: $? = 0
configure:17520: result: yes
configure:17643: checking for joinable pthread attribute
configure:17662: cc -o conftest -O0 -ffunction-sections -fdata-sections -fPIC -m64 -pthread   conftest.c -lpthread -lz  >&5
configure:17662: $? = 0
configure:17671: result: PTHREAD_CREATE_JOINABLE
configure:17684: checking whether more special flags are required for pthreads
configure:17698: result: no
configure:17707: checking for PTHREAD_PRIO_INHERIT
configure:17725: cc -o conftest -O0 -ffunction-sections -fdata-sections -fPIC -m64 -pthread   conftest.c -lpthread -lz  >&5
configure:17725: $? = 0
configure:17735: result: yes
configure:17854: checking the location of hash_map
configure:17880: c++ -c -O0 -ffunction-sections -fdata-sections -fPIC -m64  conftest.cpp >&5
configure:17880: $? = 0
configure:17903: c++ -c -O0 -ffunction-sections -fdata-sections -fPIC -m64  conftest.cpp >&5
configure:17903: $? = 0
configure:17962: result: <unordered_map>
configure:17988: checking whether -llog is needed
configure:17996: result: no
configure:18120: checking that generated files are newer than configure
configure:18126: result: done
configure:18193: creating ./config.status

## ---------------------- ##
## Running config.status. ##
## ---------------------- ##

This file was extended by Protocol Buffers config.status 3.21.5, which was
generated by GNU Autoconf 2.71.  Invocation command line was

  CONFIG_FILES    = 
  CONFIG_HEADERS  = 
  CONFIG_LINKS    = 
  CONFIG_COMMANDS = 
  $ ./config.status 

on codespaces-838391

config.status:1237: creating Makefile
config.status:1237: creating src/Makefile
config.status:1237: creating benchmarks/Makefile
config.status:1237: creating conformance/Makefile
config.status:1237: creating protobuf.pc
config.status:1237: creating protobuf-lite.pc
config.status:1237: creating config.h
config.status:1451: executing depfiles commands
config.status:1528: cd src       && sed -e '/# am--include-marker/d' Makefile         | make -f - am--depfiles
config.status:1533: $? = 0
config.status:1528: cd benchmarks       && sed -e '/# am--include-marker/d' Makefile         | make -f - am--depfiles
config.status:1533: $? = 0
config.status:1528: cd conformance       && sed -e '/# am--include-marker/d' Makefile         | make -f - am--depfiles
config.status:1533: $? = 0
config.status:1451: executing libtool commands
configure:20679: === configuring in third_party/googletest (/workspaces/ServerStatus/target/release/build/protobuf-src-2e253de85119351c/out/install/build/third_party/googletest)
configure:20740: running /bin/bash /home/codespace/.cargo/registry/src/index.crates.io-6f17d22bba15001f/protobuf-src-1.1.0+21.5/protobuf/third_party/googletest/configure --disable-option-checking '--prefix=/workspaces/ServerStatus/target/release/build/protobuf-src-2e253de85119351c/out/install'  '--disable-shared' '--enable-static' '--disable-maintainer-mode' 'CC=cc' 'CFLAGS=-O0 -ffunction-sections -fdata-sections -fPIC -m64' 'CXX=c++' 'CXXFLAGS=-O0 -ffunction-sections -fdata-sections -fPIC -m64' --cache-file=/dev/null --srcdir=/home/codespace/.cargo/registry/src/index.crates.io-6f17d22bba15001f/protobuf-src-1.1.0+21.5/protobuf/third_party/googletest

## ---------------- ##
## Cache variables. ##
## ---------------- ##

ac_cv_build=x86_64-pc-linux-gnu
ac_cv_build_prog_CPP='gcc -E'
ac_cv_build_prog_CXXCPP='g++ -E'
ac_cv_build_prog_cc_g=yes
ac_cv_build_prog_cxx_g=yes
ac_cv_c_compiler_gnu=yes
ac_cv_cxx_compiler_gnu=yes
ac_cv_cxx_hash_map='<unordered_map>'
ac_cv_cxx_hash_map_class=unordered_map
ac_cv_cxx_hash_namespace=std
ac_cv_cxx_hash_set='<unordered_set>'
ac_cv_cxx_hash_set_class=unordered_set
ac_cv_cxx_undeclared_builtin_options='none needed'
ac_cv_env_CCC_set=
ac_cv_env_CCC_value=
ac_cv_env_CC_set=set
ac_cv_env_CC_value=cc
ac_cv_env_CFLAGS_set=set
ac_cv_env_CFLAGS_value='-O0 -ffunction-sections -fdata-sections -fPIC -m64'
ac_cv_env_CPPFLAGS_set=
ac_cv_env_CPPFLAGS_value=
ac_cv_env_CPP_set=
ac_cv_env_CPP_value=
ac_cv_env_CXXCPP_set=
ac_cv_env_CXXCPP_value=
ac_cv_env_CXXFLAGS_set=set
ac_cv_env_CXXFLAGS_value='-O0 -ffunction-sections -fdata-sections -fPIC -m64'
ac_cv_env_CXX_set=set
ac_cv_env_CXX_value=c++
ac_cv_env_DIST_LANG_set=
ac_cv_env_DIST_LANG_value=
ac_cv_env_LDFLAGS_set=
ac_cv_env_LDFLAGS_value=
ac_cv_env_LIBS_set=
ac_cv_env_LIBS_value=
ac_cv_env_LT_SYS_LIBRARY_PATH_set=
ac_cv_env_LT_SYS_LIBRARY_PATH_value=
ac_cv_env_OBJCFLAGS_set=
ac_cv_env_OBJCFLAGS_value=
ac_cv_env_OBJC_set=
ac_cv_env_OBJC_value=
ac_cv_env_build_alias_set=
ac_cv_env_build_alias_value=
ac_cv_env_host_alias_set=
ac_cv_env_host_alias_value=
ac_cv_env_target_alias_set=
ac_cv_env_target_alias_value=
ac_cv_func_ftruncate=yes
ac_cv_func_memcmp_working=yes
ac_cv_func_memset=yes
ac_cv_func_mkdir=yes
ac_cv_func_strchr=yes
ac_cv_func_strerror=yes
ac_cv_func_strtod=yes
ac_cv_func_strtol=yes
ac_cv_have_decl___SUNPRO_CC=no
ac_cv_header_dlfcn_h=yes
ac_cv_header_fcntl_h=yes
ac_cv_header_inttypes_h=yes
ac_cv_header_limits_h=yes
ac_cv_header_minix_config_h=no
ac_cv_header_stdint_h=yes
ac_cv_header_stdio_h=yes
ac_cv_header_stdlib_h=yes
ac_cv_header_string_h=yes
ac_cv_header_strings_h=yes
ac_cv_header_sys_stat_h=yes
ac_cv_header_sys_types_h=yes
ac_cv_header_unistd_h=yes
ac_cv_header_wchar_h=yes
ac_cv_host=x86_64-pc-linux-gnu
ac_cv_objext=o
ac_cv_path_EGREP='/usr/bin/grep -E'
ac_cv_path_FGREP='/usr/bin/grep -F'
ac_cv_path_GREP=/usr/bin/grep
ac_cv_path_SED=/usr/bin/sed
ac_cv_path_install='/usr/bin/install -c'
ac_cv_path_lt_DD=/usr/bin/dd
ac_cv_path_mkdir=/usr/bin/mkdir
ac_cv_prog_AWK=gawk
ac_cv_prog_CPP='cc -E'
ac_cv_prog_CXXCPP='c++ -E'
ac_cv_prog_ac_ct_AR=ar
ac_cv_prog_ac_ct_CC=cc
ac_cv_prog_ac_ct_CC_FOR_BUILD=gcc
ac_cv_prog_ac_ct_CXX_FOR_BUILD=g++
ac_cv_prog_ac_ct_FILECMD=file
ac_cv_prog_ac_ct_OBJDUMP=objdump
ac_cv_prog_ac_ct_RANLIB=ranlib
ac_cv_prog_ac_ct_STRIP=strip
ac_cv_prog_cc_c11=
ac_cv_prog_cc_g=yes
ac_cv_prog_cc_stdc=
ac_cv_prog_cxx_11=no
ac_cv_prog_cxx_cxx11=
ac_cv_prog_cxx_g=yes
ac_cv_prog_cxx_stdcxx=
ac_cv_prog_make_make_set=yes
ac_cv_safe_to_define___extensions__=yes
ac_cv_search_zlibVersion=-lz
ac_cv_should_define__xopen_source=no
ac_cv_target=x86_64-pc-linux-gnu
am_cv_CC_dependencies_compiler_type=gcc3
am_cv_CXX_dependencies_compiler_type=gcc3
am_cv_ar_interface=ar
am_cv_make_support_nested_variables=yes
am_cv_prog_cc_c_o=yes
am_cv_prog_tar_ustar=gnutar
ax_cv_PTHREAD_CLANG=no
ax_cv_PTHREAD_JOINABLE_ATTR=PTHREAD_CREATE_JOINABLE
ax_cv_PTHREAD_PRIO_INHERIT=yes
ax_cv_PTHREAD_SPECIAL_FLAGS=no
ax_cv_cxx_compile_cxx11=yes
lt_cv_ar_at_file=@
lt_cv_deplibs_check_method=pass_all
lt_cv_file_magic_cmd='$MAGIC_CMD'
lt_cv_file_magic_test_file=
lt_cv_ld_reload_flag=-r
lt_cv_nm_interface='BSD nm'
lt_cv_objdir=.libs
lt_cv_path_LD=/usr/bin/ld
lt_cv_path_LDCXX='/usr/bin/ld -m elf_x86_64'
lt_cv_path_NM='/usr/bin/nm -B'
lt_cv_path_mainfest_tool=no
lt_cv_prog_compiler_c_o=yes
lt_cv_prog_compiler_c_o_CXX=yes
lt_cv_prog_compiler_pic='-fPIC -DPIC'
lt_cv_prog_compiler_pic_CXX='-fPIC -DPIC'
lt_cv_prog_compiler_pic_works=yes
lt_cv_prog_compiler_pic_works_CXX=yes
lt_cv_prog_compiler_rtti_exceptions=no
lt_cv_prog_compiler_static_works=yes
lt_cv_prog_compiler_static_works_CXX=yes
lt_cv_prog_gnu_ld=yes
lt_cv_prog_gnu_ldcxx=yes
lt_cv_sharedlib_from_linklib_cmd='printf %s\n'
lt_cv_shlibpath_overrides_runpath=yes
lt_cv_sys_global_symbol_pipe='/usr/bin/sed -n -e '\''s/^.*[	 ]\([ABCDGIRSTW][ABCDGIRSTW]*\)[	 ][	 ]*\([_A-Za-z][_A-Za-z0-9]*\)$/\1 \2 \2/p'\'' | /usr/bin/sed '\''/ __gnu_lto/d'\'''
lt_cv_sys_global_symbol_to_c_name_address='/usr/bin/sed -n -e '\''s/^: \(.*\) .*$/  {"\1", (void *) 0},/p'\'' -e '\''s/^[ABCDGIRSTW][ABCDGIRSTW]* .* \(.*\)$/  {"\1", (void *) \&\1},/p'\'''
lt_cv_sys_global_symbol_to_c_name_address_lib_prefix='/usr/bin/sed -n -e '\''s/^: \(.*\) .*$/  {"\1", (void *) 0},/p'\'' -e '\''s/^[ABCDGIRSTW][ABCDGIRSTW]* .* \(lib.*\)$/  {"\1", (void *) \&\1},/p'\'' -e '\''s/^[ABCDGIRSTW][ABCDGIRSTW]* .* \(.*\)$/  {"lib\1", (void *) \&\1},/p'\'''
lt_cv_sys_global_symbol_to_cdecl='/usr/bin/sed -n -e '\''s/^T .* \(.*\)$/extern int \1();/p'\'' -e '\''s/^[ABCDGIRSTW][ABCDGIRSTW]* .* \(.*\)$/extern char \1;/p'\'''
lt_cv_sys_global_symbol_to_import=
lt_cv_sys_max_cmd_len=1572864
lt_cv_to_host_file_cmd=func_convert_file_noop
lt_cv_to_tool_file_cmd=func_convert_file_noop
lt_cv_truncate_bin='/usr/bin/dd bs=4096 count=1'

## ----------------- ##
## Output variables. ##
## ----------------- ##

ACLOCAL='${SHELL} '\''/home/codespace/.cargo/registry/src/index.crates.io-6f17d22bba15001f/protobuf-src-1.1.0+21.5/protobuf/missing'\'' aclocal-1.16'
AMDEPBACKSLASH='\'
AMDEP_FALSE='#'
AMDEP_TRUE=''
AMTAR='$${TAR-tar}'
AM_BACKSLASH='\'
AM_DEFAULT_V='$(AM_DEFAULT_VERBOSITY)'
AM_DEFAULT_VERBOSITY='0'
AM_V='$(V)'
AR='ar'
AUTOCONF='${SHELL} '\''/home/codespace/.cargo/registry/src/index.crates.io-6f17d22bba15001f/protobuf-src-1.1.0+21.5/protobuf/missing'\'' autoconf'
AUTOHEADER='${SHELL} '\''/home/codespace/.cargo/registry/src/index.crates.io-6f17d22bba15001f/protobuf-src-1.1.0+21.5/protobuf/missing'\'' autoheader'
AUTOMAKE='${SHELL} '\''/home/codespace/.cargo/registry/src/index.crates.io-6f17d22bba15001f/protobuf-src-1.1.0+21.5/protobuf/missing'\'' automake-1.16'
AWK='gawk'
BUILD_EXEEXT=''
BUILD_OBJEXT=''
CC='cc'
CCDEPMODE='depmode=gcc3'
CC_FOR_BUILD='gcc'
CFLAGS='-O0 -ffunction-sections -fdata-sections -fPIC -m64'
CFLAGS_FOR_BUILD='-g -O2'
CPP='cc -E'
CPPFLAGS=''
CPPFLAGS_FOR_BUILD=''
CPP_FOR_BUILD='gcc -E'
CSCOPE='cscope'
CTAGS='ctags'
CXX='c++'
CXXCPP='c++ -E'
CXXCPPFLAGS_FOR_BUILD=''
CXXCPP_FOR_BUILD='g++ -E'
CXXDEPMODE='depmode=gcc3'
CXXFLAGS='-O0 -ffunction-sections -fdata-sections -fPIC -m64'
CXXFLAGS_FOR_BUILD='-g -O2'
CXX_FOR_BUILD='g++'
CYGPATH_W='echo'
DEFS='-DHAVE_CONFIG_H'
DEPDIR='.deps'
DIST_LANG='all'
DLLTOOL='false'
DSYMUTIL=''
DUMPBIN=''
ECHO_C=''
ECHO_N='-n'
ECHO_T=''
EGREP='/usr/bin/grep -E'
ETAGS='etags'
EXEEXT=''
FGREP='/usr/bin/grep -F'
FILECMD='file'
GCC_FALSE='#'
GCC_TRUE=''
GREP='/usr/bin/grep'
HAVE_CXX11='1'
HAVE_LD_VERSION_SCRIPT_FALSE='#'
HAVE_LD_VERSION_SCRIPT_TRUE=''
HAVE_PTHREAD_FALSE='#'
HAVE_PTHREAD_TRUE=''
HAVE_ZLIB_FALSE='#'
HAVE_ZLIB_TRUE=''
INSTALL_DATA='${INSTALL} -m 644'
INSTALL_PROGRAM='${INSTALL}'
INSTALL_SCRIPT='${INSTALL}'
INSTALL_STRIP_PROGRAM='$(install_sh) -c -s'
ISAINFO=''
LD='/usr/bin/ld -m elf_x86_64'
LDFLAGS=''
LDFLAGS_FOR_BUILD=''
LIBATOMIC_LIBS=''
LIBLOG_LIBS=''
LIBOBJS=''
LIBS='-lz '
LIBTOOL='$(SHELL) $(top_builddir)/libtool'
LIPO=''
LN_S='ln -s'
LTLIBOBJS=''
LT_SYS_LIBRARY_PATH=''
MAINT='#'
MAINTAINER_MODE_FALSE=''
MAINTAINER_MODE_TRUE='#'
MAKEINFO='${SHELL} '\''/home/codespace/.cargo/registry/src/index.crates.io-6f17d22bba15001f/protobuf-src-1.1.0+21.5/protobuf/missing'\'' makeinfo'
MANIFEST_TOOL=':'
MKDIR_P='/usr/bin/mkdir -p'
NM='/usr/bin/nm -B'
NMEDIT=''
OBJC=''
OBJCDEPMODE=''
OBJCFLAGS=''
OBJC_CONFORMANCE_TEST_FALSE=''
OBJC_CONFORMANCE_TEST_TRUE='#'
OBJDUMP='objdump'
OBJEXT='o'
OTOOL64=''
OTOOL=''
PACKAGE='protobuf'
PACKAGE_BUGREPORT='protobuf@googlegroups.com'
PACKAGE_NAME='Protocol Buffers'
PACKAGE_STRING='Protocol Buffers 3.21.5'
PACKAGE_TARNAME='protobuf'
PACKAGE_URL=''
PACKAGE_VERSION='3.21.5'
PATH_SEPARATOR=':'
POW_LIB=''
PROTOBUF_OPT_FLAG=''
PROTOC=''
PTHREAD_CC='cc'
PTHREAD_CFLAGS='-pthread'
PTHREAD_LIBS='-lpthread'
RANLIB='ranlib'
SED='/usr/bin/sed'
SET_MAKE=''
SHELL='/bin/bash'
STRIP='strip'
USE_EXTERNAL_PROTOC_FALSE=''
USE_EXTERNAL_PROTOC_TRUE='#'
VERSION='3.21.5'
ac_ct_AR='ar'
ac_ct_CC='cc'
ac_ct_CC_FOR_BUILD='gcc'
ac_ct_CXX=''
ac_ct_CXX_FOR_BUILD='g++'
ac_ct_DUMPBIN=''
ac_ct_OBJC=''
am__EXEEXT_FALSE=''
am__EXEEXT_TRUE='#'
am__fastdepCC_FALSE='#'
am__fastdepCC_TRUE=''
am__fastdepCXX_FALSE='#'
am__fastdepCXX_TRUE=''
am__fastdepOBJC_FALSE=''
am__fastdepOBJC_TRUE='#'
am__include='include'
am__isrc=' -I$(srcdir)'
am__leading_dot='.'
am__nodep='_no'
am__quote=''
am__tar='tar --format=ustar -chf - "$$tardir"'
am__untar='tar -xf -'
ax_pthread_config=''
bindir='${exec_prefix}/bin'
build='x86_64-pc-linux-gnu'
build_alias=''
build_cpu='x86_64'
build_os='linux-gnu'
build_vendor='pc'
datadir='${datarootdir}'
datarootdir='${prefix}/share'
docdir='${datarootdir}/doc/${PACKAGE_TARNAME}'
dvidir='${docdir}'
exec_prefix='${prefix}'
host='x86_64-pc-linux-gnu'
host_alias=''
host_cpu='x86_64'
host_os='linux-gnu'
host_vendor='pc'
htmldir='${docdir}'
includedir='${prefix}/include'
infodir='${datarootdir}/info'
install_sh='${SHELL} /home/codespace/.cargo/registry/src/index.crates.io-6f17d22bba15001f/protobuf-src-1.1.0+21.5/protobuf/install-sh'
libdir='${exec_prefix}/lib'
libexecdir='${exec_prefix}/libexec'
localedir='${datarootdir}/locale'
localstatedir='${prefix}/var'
mandir='${datarootdir}/man'
mkdir_p='$(MKDIR_P)'
oldincludedir='/usr/include'
pdfdir='${docdir}'
prefix='/workspaces/ServerStatus/target/release/build/protobuf-src-2e253de85119351c/out/install'
program_transform_name='s,x,x,'
psdir='${docdir}'
runstatedir='${localstatedir}/run'
sbindir='${exec_prefix}/sbin'
sharedstatedir='${prefix}/com'
subdirs=' third_party/googletest'
sysconfdir='${prefix}/etc'
target='x86_64-pc-linux-gnu'
target_alias=''
target_cpu='x86_64'
target_os='linux-gnu'
target_vendor='pc'

## ----------- ##
## confdefs.h. ##
## ----------- ##

/* confdefs.h */
#define PACKAGE_NAME "Protocol Buffers"
#define PACKAGE_TARNAME "protobuf"
#define PACKAGE_VERSION "3.21.5"
#define PACKAGE_STRING "Protocol Buffers 3.21.5"
#define PACKAGE_BUGREPORT "protobuf@googlegroups.com"
#define PACKAGE_URL ""
#define PACKAGE "protobuf"
#define VERSION "3.21.5"
#define HAVE_STDIO_H 1
#define HAVE_STDLIB_H 1
#define HAVE_STRING_H 1
#define HAVE_INTTYPES_H 1
#define HAVE_STDINT_H 1
#define HAVE_STRINGS_H 1
#define HAVE_SYS_STAT_H 1
#define HAVE_SYS_TYPES_H 1
#define HAVE_UNISTD_H 1
#define HAVE_WCHAR_H 1
#define STDC_HEADERS 1
#define _ALL_SOURCE 1
#define _DARWIN_C_SOURCE 1
#define _GNU_SOURCE 1
#define _HPUX_ALT_XOPEN_SOCKET_API 1
#define _NETBSD_SOURCE 1
#define _OPENBSD_SOURCE 1
#define _POSIX_PTHREAD_SEMANTICS 1
#define __STDC_WANT_IEC_60559_ATTRIBS_EXT__ 1
#define __STDC_WANT_IEC_60559_BFP_EXT__ 1
#define __STDC_WANT_IEC_60559_DFP_EXT__ 1
#define __STDC_WANT_IEC_60559_FUNCS_EXT__ 1
#define __STDC_WANT_IEC_60559_TYPES_EXT__ 1
#define __STDC_WANT_LIB_EXT2__ 1
#define __STDC_WANT_MATH_SPEC_FUNCS__ 1
#define _TANDEM_SOURCE 1
#define __EXTENSIONS__ 1
#define HAVE_DLFCN_H 1
#define LT_OBJDIR ".libs/"
#define HAVE_FCNTL_H 1
#define HAVE_INTTYPES_H 1
#define HAVE_LIMITS_H 1
#define HAVE_STDLIB_H 1
#define HAVE_UNISTD_H 1
#define HAVE_FTRUNCATE 1
#define HAVE_MEMSET 1
#define HAVE_MKDIR 1
#define HAVE_STRCHR 1
#define HAVE_STRERROR 1
#define HAVE_STRTOL 1
#define HAVE_ZLIB 1
#define HAVE_CXX11 1
#define HAVE_PTHREAD_PRIO_INHERIT 1
#define HAVE_PTHREAD 1
#define HAVE_HASH_MAP 1
#define HAVE_HASH_SET 1
#define HASH_MAP_H <unordered_map>
#define HASH_SET_H <unordered_set>
#define HASH_NAMESPACE std
#define HASH_MAP_CLASS unordered_map
#define HASH_SET_CLASS unordered_set

configure: exit 0
